<?xml version="1.0" encoding="UTF-8" ?>
<testsuite tests="3" failures="0" name="io.moquette.spi.impl.security.FileAuthenticatorTest" time="0.954" errors="0" skipped="0">
  <properties>
[...]
</properties>
  <testcase classname="io.moquette.spi.impl.security.FileAuthenticatorTest" name="loadPasswordFile_verifyInvalid" time="0.002"/>
  <testcase classname="io.moquette.spi.impl.security.FileAuthenticatorTest" name="loadPasswordFile_verifyValid" time="0.95"/>
  <testcase classname="io.moquette.spi.impl.security.FileAuthenticatorTest" name="loadPasswordFile_verifyDirectoryRef" time="0.001"/>
</testsuite>