<?xml version="1.0" encoding="UTF-8" ?>
<testsuite tests="23" failures="0" name="io.moquette.server.ServerIntegrationPahoTest" time="76.599" errors="0" skipped="1">
  <properties>
[...]
</properties>
  <testcase classname="io.moquette.server.ServerIntegrationPahoTest" name="avoidMultipleNotificationsAfterMultipleReconnection_cleanSessionFalseQoS1" time="2.531"/>
  <testcase classname="io.moquette.server.ServerIntegrationPahoTest" name="checkQoS2SubscriberDisconnectReceivePersistedPublishes" time="2.756"/>
  <testcase classname="io.moquette.server.ServerIntegrationPahoTest" name="testUnsubscribe_do_not_notify_anymore_new_session" time="2.351"/>
  <testcase classname="io.moquette.server.ServerIntegrationPahoTest" name="testRetain_maintainMessage_againstClientDestruction" time="2.434"/>
  <testcase classname="io.moquette.server.ServerIntegrationPahoTest" name="testUnsubscribe_do_not_notify_anymore_same_session" time="2.246"/>
  <testcase classname="io.moquette.server.ServerIntegrationPahoTest" name="testPublishReceiveWithQoS2" time="2.591"/>
  <testcase classname="io.moquette.server.ServerIntegrationPahoTest" name="connectWithCredentials" time="2.248"/>
  <testcase classname="io.moquette.server.ServerIntegrationPahoTest" name="testPublishWithQoS1" time="2.328"/>
  <testcase classname="io.moquette.server.ServerIntegrationPahoTest" name="testPublishWithQoS2" time="2.583"/>
  <testcase classname="io.moquette.server.ServerIntegrationPahoTest" name="testCleanSession_correctlyClientSubscriptions" time="2.249"/>
  <testcase classname="io.moquette.server.ServerIntegrationPahoTest" name="testCleanSession_maintainClientSubscriptions" time="2.344"/>
  <testcase classname="io.moquette.server.ServerIntegrationPahoTest" name="checkSubscribersGetCorrectQosNotifications" time="2.488"/>
  <testcase classname="io.moquette.server.ServerIntegrationPahoTest" name="testSubcriptionDoesntStayActiveAfterARestart" time="4.635"/>
  <testcase classname="io.moquette.server.ServerIntegrationPahoTest" name="checkReplayStoredPublish_forNoCleanSession_qos1" time="2.44"/>
  <testcase classname="io.moquette.server.ServerIntegrationPahoTest" name="checkSinglePublishOnOverlappingSubscriptions" time="3.434"/>
  <testcase classname="io.moquette.server.ServerIntegrationPahoTest" name="testConnectSubPub_cycle_getTimeout_on_second_disconnect_issue142" time="2.251"/>
  <testcase classname="io.moquette.server.ServerIntegrationPahoTest" name="testCleanSession_maintainClientSubscriptions_withServerRestart" time="2.252">
    <skipped/>
  </testcase>
  <testcase classname="io.moquette.server.ServerIntegrationPahoTest" name="checkReceivePublishedMessage_after_a_reconnect_with_notCleanSession" time="2.403"/>
  <testcase classname="io.moquette.server.ServerIntegrationPahoTest" name="testCleanSession_maintainClientSubscriptions_againstClientDestruction" time="2.344"/>
  <testcase classname="io.moquette.server.ServerIntegrationPahoTest" name="checkReplayofStoredPublishResumeAfter_a_disconnect_cleanSessionFalseQoS1" time="2.584"/>
  <testcase classname="io.moquette.server.ServerIntegrationPahoTest" name="testPublishWithQoS1_notCleanSession" time="2.448"/>
  <testcase classname="io.moquette.server.ServerIntegrationPahoTest" name="testForceClientDisconnection_issue116" time="22.648"/>
  <testcase classname="io.moquette.server.ServerIntegrationPahoTest" name="testSubscribe" time="2.244"/>
</testsuite>